{"C:\\Users\\joice\\OneDrive\\Área de Trabalho\\testes-automatizados\\src\\controllers\\session-ctrl.js": {"path":"C:\\Users\\joice\\OneDrive\\Área de Trabalho\\testes-automatizados\\src\\controllers\\session-ctrl.js","all":false,"statementMap":{"0":{"start":{"line":1,"column":0},"end":{"line":1,"column":61}},"1":{"start":{"line":2,"column":0},"end":{"line":2,"column":55}},"2":{"start":{"line":3,"column":0},"end":{"line":3,"column":49}},"3":{"start":{"line":4,"column":0},"end":{"line":4,"column":0}},"4":{"start":{"line":5,"column":0},"end":{"line":5,"column":25}},"5":{"start":{"line":6,"column":0},"end":{"line":6,"column":35}},"6":{"start":{"line":7,"column":0},"end":{"line":7,"column":13}},"7":{"start":{"line":8,"column":0},"end":{"line":8,"column":48}},"8":{"start":{"line":9,"column":0},"end":{"line":9,"column":4}},"9":{"start":{"line":10,"column":0},"end":{"line":10,"column":39}},"10":{"start":{"line":11,"column":0},"end":{"line":11,"column":63}},"11":{"start":{"line":12,"column":0},"end":{"line":12,"column":13}},"12":{"start":{"line":13,"column":0},"end":{"line":13,"column":12}},"13":{"start":{"line":14,"column":0},"end":{"line":14,"column":27}},"14":{"start":{"line":15,"column":0},"end":{"line":15,"column":63}},"15":{"start":{"line":16,"column":0},"end":{"line":16,"column":13}},"16":{"start":{"line":17,"column":0},"end":{"line":17,"column":0}},"17":{"start":{"line":18,"column":0},"end":{"line":18,"column":84}},"18":{"start":{"line":19,"column":0},"end":{"line":19,"column":72}},"19":{"start":{"line":20,"column":0},"end":{"line":20,"column":13}},"20":{"start":{"line":21,"column":0},"end":{"line":21,"column":4}},"21":{"start":{"line":22,"column":0},"end":{"line":22,"column":71}},"22":{"start":{"line":23,"column":0},"end":{"line":23,"column":0}},"23":{"start":{"line":24,"column":0},"end":{"line":24,"column":40}},"24":{"start":{"line":25,"column":0},"end":{"line":25,"column":50}},"25":{"start":{"line":26,"column":0},"end":{"line":26,"column":25}},"26":{"start":{"line":27,"column":0},"end":{"line":27,"column":88}},"27":{"start":{"line":28,"column":0},"end":{"line":28,"column":9}},"28":{"start":{"line":29,"column":0},"end":{"line":29,"column":5}},"29":{"start":{"line":30,"column":0},"end":{"line":30,"column":1}},"30":{"start":{"line":31,"column":0},"end":{"line":31,"column":0}},"31":{"start":{"line":32,"column":0},"end":{"line":32,"column":34}}},"s":{"0":1,"1":1,"2":1,"3":1,"4":1,"5":1,"6":3,"7":3,"8":3,"9":3,"10":0,"11":0,"12":3,"13":3,"14":0,"15":0,"16":3,"17":3,"18":1,"19":1,"20":2,"21":2,"22":1,"23":1,"24":1,"25":3,"26":2,"27":2,"28":3,"29":1,"30":1,"31":1},"branchMap":{"0":{"type":"branch","line":6,"loc":{"start":{"line":6,"column":4},"end":{"line":29,"column":5}},"locations":[{"start":{"line":6,"column":4},"end":{"line":29,"column":5}}]},"1":{"type":"branch","line":10,"loc":{"start":{"line":10,"column":38},"end":{"line":12,"column":13}},"locations":[{"start":{"line":10,"column":38},"end":{"line":12,"column":13}}]},"2":{"type":"branch","line":14,"loc":{"start":{"line":14,"column":26},"end":{"line":16,"column":13}},"locations":[{"start":{"line":14,"column":26},"end":{"line":16,"column":13}}]},"3":{"type":"branch","line":18,"loc":{"start":{"line":18,"column":83},"end":{"line":20,"column":13}},"locations":[{"start":{"line":18,"column":83},"end":{"line":20,"column":13}}]},"4":{"type":"branch","line":20,"loc":{"start":{"line":20,"column":12},"end":{"line":22,"column":71}},"locations":[{"start":{"line":20,"column":12},"end":{"line":22,"column":71}}]},"5":{"type":"branch","line":23,"loc":{"start":{"line":23,"column":-1},"end":{"line":26,"column":10}},"locations":[{"start":{"line":23,"column":-1},"end":{"line":26,"column":10}}]},"6":{"type":"branch","line":26,"loc":{"start":{"line":26,"column":10},"end":{"line":28,"column":9}},"locations":[{"start":{"line":26,"column":10},"end":{"line":28,"column":9}}]},"7":{"type":"branch","line":27,"loc":{"start":{"line":27,"column":42},"end":{"line":27,"column":49}},"locations":[{"start":{"line":27,"column":42},"end":{"line":27,"column":49}}]},"8":{"type":"branch","line":27,"loc":{"start":{"line":27,"column":69},"end":{"line":27,"column":87}},"locations":[{"start":{"line":27,"column":69},"end":{"line":27,"column":87}}]}},"b":{"0":[3],"1":[0],"2":[0],"3":[1],"4":[2],"5":[1],"6":[2],"7":[1],"8":[0]},"fnMap":{"0":{"name":"create","decl":{"start":{"line":6,"column":4},"end":{"line":29,"column":5}},"loc":{"start":{"line":6,"column":4},"end":{"line":29,"column":5}},"line":6}},"f":{"0":3}}
,"C:\\Users\\joice\\OneDrive\\Área de Trabalho\\testes-automatizados\\src\\controllers\\user-ctrl.js": {"path":"C:\\Users\\joice\\OneDrive\\Área de Trabalho\\testes-automatizados\\src\\controllers\\user-ctrl.js","all":false,"statementMap":{"0":{"start":{"line":1,"column":0},"end":{"line":1,"column":55}},"1":{"start":{"line":2,"column":0},"end":{"line":2,"column":49}},"2":{"start":{"line":3,"column":0},"end":{"line":3,"column":0}},"3":{"start":{"line":4,"column":0},"end":{"line":4,"column":22}},"4":{"start":{"line":5,"column":0},"end":{"line":5,"column":35}},"5":{"start":{"line":6,"column":0},"end":{"line":6,"column":13}},"6":{"start":{"line":7,"column":0},"end":{"line":7,"column":54}},"7":{"start":{"line":8,"column":0},"end":{"line":8,"column":4}},"8":{"start":{"line":9,"column":0},"end":{"line":9,"column":39}},"9":{"start":{"line":10,"column":0},"end":{"line":10,"column":63}},"10":{"start":{"line":11,"column":0},"end":{"line":11,"column":13}},"11":{"start":{"line":12,"column":0},"end":{"line":12,"column":12}},"12":{"start":{"line":13,"column":0},"end":{"line":13,"column":27}},"13":{"start":{"line":14,"column":0},"end":{"line":14,"column":63}},"14":{"start":{"line":15,"column":0},"end":{"line":15,"column":13}},"15":{"start":{"line":16,"column":0},"end":{"line":16,"column":4}},"16":{"start":{"line":17,"column":0},"end":{"line":17,"column":82}},"17":{"start":{"line":18,"column":0},"end":{"line":18,"column":0}},"18":{"start":{"line":19,"column":0},"end":{"line":19,"column":47}},"19":{"start":{"line":20,"column":0},"end":{"line":20,"column":25}},"20":{"start":{"line":21,"column":0},"end":{"line":21,"column":88}},"21":{"start":{"line":22,"column":0},"end":{"line":22,"column":9}},"22":{"start":{"line":23,"column":0},"end":{"line":23,"column":5}},"23":{"start":{"line":24,"column":0},"end":{"line":24,"column":0}},"24":{"start":{"line":25,"column":0},"end":{"line":25,"column":43}},"25":{"start":{"line":26,"column":0},"end":{"line":26,"column":45}},"26":{"start":{"line":27,"column":0},"end":{"line":27,"column":8}},"27":{"start":{"line":28,"column":0},"end":{"line":28,"column":41}},"28":{"start":{"line":29,"column":0},"end":{"line":29,"column":53}},"29":{"start":{"line":30,"column":0},"end":{"line":30,"column":5}},"30":{"start":{"line":31,"column":0},"end":{"line":31,"column":1}},"31":{"start":{"line":32,"column":0},"end":{"line":32,"column":0}},"32":{"start":{"line":33,"column":0},"end":{"line":33,"column":31}}},"s":{"0":1,"1":1,"2":1,"3":1,"4":1,"5":2,"6":2,"7":2,"8":2,"9":0,"10":0,"11":2,"12":2,"13":0,"14":0,"15":2,"16":2,"17":1,"18":1,"19":1,"20":1,"21":1,"22":2,"23":1,"24":1,"25":0,"26":0,"27":0,"28":0,"29":0,"30":1,"31":1,"32":1},"branchMap":{"0":{"type":"branch","line":5,"loc":{"start":{"line":5,"column":4},"end":{"line":23,"column":5}},"locations":[{"start":{"line":5,"column":4},"end":{"line":23,"column":5}}]},"1":{"type":"branch","line":9,"loc":{"start":{"line":9,"column":38},"end":{"line":11,"column":13}},"locations":[{"start":{"line":9,"column":38},"end":{"line":11,"column":13}}]},"2":{"type":"branch","line":13,"loc":{"start":{"line":13,"column":26},"end":{"line":15,"column":13}},"locations":[{"start":{"line":13,"column":26},"end":{"line":15,"column":13}}]},"3":{"type":"branch","line":18,"loc":{"start":{"line":18,"column":-1},"end":{"line":22,"column":9}},"locations":[{"start":{"line":18,"column":-1},"end":{"line":22,"column":9}}]},"4":{"type":"branch","line":21,"loc":{"start":{"line":21,"column":69},"end":{"line":21,"column":87}},"locations":[{"start":{"line":21,"column":69},"end":{"line":21,"column":87}}]}},"b":{"0":[2],"1":[0],"2":[0],"3":[1],"4":[0]},"fnMap":{"0":{"name":"create","decl":{"start":{"line":5,"column":4},"end":{"line":23,"column":5}},"loc":{"start":{"line":5,"column":4},"end":{"line":23,"column":5}},"line":5},"1":{"name":"changePassword","decl":{"start":{"line":25,"column":4},"end":{"line":30,"column":5}},"loc":{"start":{"line":25,"column":4},"end":{"line":30,"column":5}},"line":25}},"f":{"0":2,"1":0}}
,"C:\\Users\\joice\\OneDrive\\Área de Trabalho\\testes-automatizados\\src\\schemas\\User.js": {"path":"C:\\Users\\joice\\OneDrive\\Área de Trabalho\\testes-automatizados\\src\\schemas\\User.js","all":false,"statementMap":{"0":{"start":{"line":1,"column":0},"end":{"line":1,"column":36}},"1":{"start":{"line":2,"column":0},"end":{"line":2,"column":0}},"2":{"start":{"line":3,"column":0},"end":{"line":3,"column":36}},"3":{"start":{"line":4,"column":0},"end":{"line":4,"column":17}},"4":{"start":{"line":5,"column":0},"end":{"line":5,"column":18}},"5":{"start":{"line":6,"column":0},"end":{"line":6,"column":20}},"6":{"start":{"line":7,"column":0},"end":{"line":7,"column":2}},"7":{"start":{"line":8,"column":0},"end":{"line":8,"column":0}},"8":{"start":{"line":9,"column":0},"end":{"line":9,"column":51}}},"s":{"0":1,"1":1,"2":1,"3":1,"4":1,"5":1,"6":1,"7":1,"8":1},"branchMap":{},"b":{},"fnMap":{},"f":{}}
,"C:\\Users\\joice\\OneDrive\\Área de Trabalho\\testes-automatizados\\src\\services\\session-service.js": {"path":"C:\\Users\\joice\\OneDrive\\Área de Trabalho\\testes-automatizados\\src\\services\\session-service.js","all":false,"statementMap":{"0":{"start":{"line":1,"column":0},"end":{"line":1,"column":35}},"1":{"start":{"line":2,"column":0},"end":{"line":2,"column":0}},"2":{"start":{"line":3,"column":0},"end":{"line":3,"column":22}},"3":{"start":{"line":4,"column":0},"end":{"line":4,"column":37}},"4":{"start":{"line":5,"column":0},"end":{"line":5,"column":60}},"5":{"start":{"line":6,"column":0},"end":{"line":6,"column":28}},"6":{"start":{"line":7,"column":0},"end":{"line":7,"column":10}},"7":{"start":{"line":8,"column":0},"end":{"line":8,"column":5}},"8":{"start":{"line":9,"column":0},"end":{"line":9,"column":1}},"9":{"start":{"line":10,"column":0},"end":{"line":10,"column":0}},"10":{"start":{"line":11,"column":0},"end":{"line":11,"column":31}}},"s":{"0":1,"1":1,"2":1,"3":1,"4":0,"5":0,"6":0,"7":0,"8":1,"9":1,"10":1},"branchMap":{},"b":{},"fnMap":{"0":{"name":"generateToken","decl":{"start":{"line":4,"column":11},"end":{"line":8,"column":5}},"loc":{"start":{"line":4,"column":11},"end":{"line":8,"column":5}},"line":4}},"f":{"0":0}}
,"C:\\Users\\joice\\OneDrive\\Área de Trabalho\\testes-automatizados\\src\\services\\user-service.js": {"path":"C:\\Users\\joice\\OneDrive\\Área de Trabalho\\testes-automatizados\\src\\services\\user-service.js","all":false,"statementMap":{"0":{"start":{"line":1,"column":0},"end":{"line":1,"column":39}},"1":{"start":{"line":2,"column":0},"end":{"line":2,"column":0}},"2":{"start":{"line":3,"column":0},"end":{"line":3,"column":19}},"3":{"start":{"line":4,"column":0},"end":{"line":4,"column":56}},"4":{"start":{"line":5,"column":0},"end":{"line":5,"column":42}},"5":{"start":{"line":6,"column":0},"end":{"line":6,"column":17}},"6":{"start":{"line":7,"column":0},"end":{"line":7,"column":18}},"7":{"start":{"line":8,"column":0},"end":{"line":8,"column":20}},"8":{"start":{"line":9,"column":0},"end":{"line":9,"column":10}},"9":{"start":{"line":10,"column":0},"end":{"line":10,"column":0}},"10":{"start":{"line":11,"column":0},"end":{"line":11,"column":21}},"11":{"start":{"line":12,"column":0},"end":{"line":12,"column":5}},"12":{"start":{"line":13,"column":0},"end":{"line":13,"column":0}},"13":{"start":{"line":14,"column":0},"end":{"line":14,"column":64}},"14":{"start":{"line":15,"column":0},"end":{"line":15,"column":50}},"15":{"start":{"line":16,"column":0},"end":{"line":16,"column":0}},"16":{"start":{"line":17,"column":0},"end":{"line":17,"column":19}},"17":{"start":{"line":18,"column":0},"end":{"line":18,"column":24}},"18":{"start":{"line":19,"column":0},"end":{"line":19,"column":9}},"19":{"start":{"line":20,"column":0},"end":{"line":20,"column":0}},"20":{"start":{"line":21,"column":0},"end":{"line":21,"column":40}},"21":{"start":{"line":22,"column":0},"end":{"line":22,"column":65}},"22":{"start":{"line":23,"column":0},"end":{"line":23,"column":9}},"23":{"start":{"line":24,"column":0},"end":{"line":24,"column":0}},"24":{"start":{"line":25,"column":0},"end":{"line":25,"column":19}},"25":{"start":{"line":26,"column":0},"end":{"line":26,"column":5}},"26":{"start":{"line":27,"column":0},"end":{"line":27,"column":1}},"27":{"start":{"line":28,"column":0},"end":{"line":28,"column":0}},"28":{"start":{"line":29,"column":0},"end":{"line":29,"column":28}}},"s":{"0":1,"1":1,"2":1,"3":1,"4":0,"5":0,"6":0,"7":0,"8":0,"9":0,"10":0,"11":0,"12":1,"13":1,"14":0,"15":0,"16":0,"17":0,"18":0,"19":0,"20":0,"21":0,"22":0,"23":0,"24":0,"25":0,"26":1,"27":1,"28":1},"branchMap":{},"b":{},"fnMap":{"0":{"name":"createUser","decl":{"start":{"line":4,"column":4},"end":{"line":12,"column":5}},"loc":{"start":{"line":4,"column":4},"end":{"line":12,"column":5}},"line":4},"1":{"name":"userExistsAndCheckPassword","decl":{"start":{"line":14,"column":4},"end":{"line":26,"column":5}},"loc":{"start":{"line":14,"column":4},"end":{"line":26,"column":5}},"line":14}},"f":{"0":0,"1":0}}
,"C:\\Users\\joice\\OneDrive\\Área de Trabalho\\testes-automatizados\\src\\utils\\email-validator.js": {"path":"C:\\Users\\joice\\OneDrive\\Área de Trabalho\\testes-automatizados\\src\\utils\\email-validator.js","all":false,"statementMap":{"0":{"start":{"line":1,"column":0},"end":{"line":1,"column":13}},"1":{"start":{"line":2,"column":0},"end":{"line":2,"column":27}},"2":{"start":{"line":3,"column":0},"end":{"line":3,"column":20}},"3":{"start":{"line":4,"column":0},"end":{"line":4,"column":24}},"4":{"start":{"line":5,"column":0},"end":{"line":5,"column":9}},"5":{"start":{"line":6,"column":0},"end":{"line":6,"column":0}},"6":{"start":{"line":7,"column":0},"end":{"line":7,"column":78}},"7":{"start":{"line":8,"column":0},"end":{"line":8,"column":34}},"8":{"start":{"line":9,"column":0},"end":{"line":9,"column":5}},"9":{"start":{"line":10,"column":0},"end":{"line":10,"column":1}},"10":{"start":{"line":11,"column":0},"end":{"line":11,"column":0}},"11":{"start":{"line":12,"column":0},"end":{"line":12,"column":22}}},"s":{"0":1,"1":1,"2":5,"3":0,"4":0,"5":5,"6":5,"7":5,"8":5,"9":1,"10":1,"11":1},"branchMap":{"0":{"type":"branch","line":2,"loc":{"start":{"line":2,"column":11},"end":{"line":9,"column":5}},"locations":[{"start":{"line":2,"column":11},"end":{"line":9,"column":5}}]},"1":{"type":"branch","line":3,"loc":{"start":{"line":3,"column":19},"end":{"line":5,"column":9}},"locations":[{"start":{"line":3,"column":19},"end":{"line":5,"column":9}}]}},"b":{"0":[5],"1":[0]},"fnMap":{"0":{"name":"isValid","decl":{"start":{"line":2,"column":11},"end":{"line":9,"column":5}},"loc":{"start":{"line":2,"column":11},"end":{"line":9,"column":5}},"line":2}},"f":{"0":5}}
}
