TN:
SF:index.js
FNF:0
FNH:0
DA:1,1
DA:2,1
DA:3,1
DA:4,1
DA:5,1
DA:6,1
DA:7,1
DA:8,1
DA:9,1
DA:10,1
DA:11,1
DA:12,1
DA:13,1
DA:14,1
LF:14
LH:14
BRDA:9,0,0,1
BRDA:11,1,0,1
BRF:2
BRH:2
end_of_record
TN:
SF:src\app.js
FNF:0
FNH:0
DA:1,1
DA:2,1
DA:3,1
DA:4,1
DA:5,1
DA:6,1
DA:7,1
DA:8,1
DA:9,1
DA:10,1
LF:10
LH:10
BRF:0
BRH:0
end_of_record
TN:
SF:src\routes.js
FNF:0
FNH:0
DA:1,1
DA:2,1
DA:3,1
DA:4,1
DA:5,1
DA:6,1
DA:7,1
DA:8,1
DA:9,1
DA:10,1
DA:11,1
DA:12,1
DA:13,1
LF:13
LH:13
BRF:0
BRH:0
end_of_record
TN:
SF:src\controllers\session-ctrl.js
FN:6,create
FNF:1
FNH:1
FNDA:6,create
DA:1,1
DA:2,1
DA:3,1
DA:4,1
DA:5,1
DA:6,1
DA:7,6
DA:8,6
DA:9,6
DA:10,6
DA:11,2
DA:12,2
DA:13,4
DA:14,4
DA:15,1
DA:16,1
DA:17,3
DA:18,3
DA:19,1
DA:20,1
DA:21,2
DA:22,2
DA:23,1
DA:24,1
DA:25,1
DA:26,6
DA:27,5
DA:28,5
DA:29,6
DA:30,1
DA:31,1
DA:32,1
LF:32
LH:32
BRDA:6,0,0,6
BRDA:10,1,0,2
BRDA:12,2,0,4
BRDA:14,3,0,1
BRDA:16,4,0,3
BRDA:18,5,0,1
BRDA:20,6,0,2
BRDA:23,7,0,1
BRDA:26,8,0,5
BRDA:27,9,0,1
BRDA:27,10,0,0
BRF:11
BRH:10
end_of_record
TN:
SF:src\controllers\user-ctrl.js
FN:5,create
FN:25,changePassword
FNF:2
FNH:1
FNDA:3,create
FNDA:0,changePassword
DA:1,1
DA:2,1
DA:3,1
DA:4,1
DA:5,1
DA:6,3
DA:7,3
DA:8,3
DA:9,3
DA:10,0
DA:11,0
DA:12,3
DA:13,3
DA:14,0
DA:15,0
DA:16,3
DA:17,3
DA:18,2
DA:19,2
DA:20,2
DA:21,1
DA:22,1
DA:23,3
DA:24,1
DA:25,1
DA:26,0
DA:27,0
DA:28,0
DA:29,0
DA:30,0
DA:31,1
DA:32,1
DA:33,1
LF:33
LH:24
BRDA:5,0,0,3
BRDA:9,1,0,0
BRDA:13,2,0,0
BRDA:18,3,0,2
BRDA:20,4,0,1
BRDA:21,5,0,0
BRF:6
BRH:3
end_of_record
TN:
SF:src\middlewares\auth.js
FN:3,Object.<anonymous>.module.exports
FNF:1
FNH:0
FNDA:0,Object.<anonymous>.module.exports
DA:1,1
DA:2,1
DA:3,1
DA:4,0
DA:5,0
DA:6,0
DA:7,0
DA:8,0
DA:9,0
DA:10,0
DA:11,0
DA:12,0
DA:13,0
DA:14,0
DA:15,0
DA:16,0
DA:17,0
DA:18,0
DA:19,0
DA:20,0
DA:21,0
LF:21
LH:3
BRF:0
BRH:0
end_of_record
TN:
SF:src\schemas\User.js
FNF:0
FNH:0
DA:1,1
DA:2,1
DA:3,1
DA:4,1
DA:5,1
DA:6,1
DA:7,1
DA:8,1
DA:9,1
LF:9
LH:9
BRF:0
BRH:0
end_of_record
TN:
SF:src\services\session-service.js
FN:4,generateToken
FNF:1
FNH:1
FNDA:1,generateToken
DA:1,1
DA:2,1
DA:3,1
DA:4,1
DA:5,1
DA:6,1
DA:7,1
DA:8,1
DA:9,1
DA:10,1
DA:11,1
LF:11
LH:11
BRDA:4,0,0,1
BRF:1
BRH:1
end_of_record
TN:
SF:src\services\user-service.js
FN:4,createUser
FN:14,userExistsAndCheckPassword
FNF:2
FNH:2
FNDA:3,createUser
FNDA:3,userExistsAndCheckPassword
DA:1,1
DA:2,1
DA:3,1
DA:4,1
DA:5,3
DA:6,3
DA:7,3
DA:8,3
DA:9,3
DA:10,3
DA:11,3
DA:12,3
DA:13,1
DA:14,1
DA:15,3
DA:16,3
DA:17,3
DA:18,1
DA:19,1
DA:20,2
DA:21,3
DA:22,1
DA:23,1
DA:24,1
DA:25,1
DA:26,1
DA:27,1
DA:28,1
DA:29,1
LF:29
LH:29
BRDA:4,0,0,3
BRDA:14,1,0,3
BRDA:17,2,0,1
BRDA:19,3,0,2
BRDA:21,4,0,1
BRF:5
BRH:5
end_of_record
TN:
SF:src\utils\email-validator.js
FN:2,isValid
FNF:1
FNH:1
FNDA:11,isValid
DA:1,1
DA:2,1
DA:3,11
DA:4,0
DA:5,0
DA:6,11
DA:7,11
DA:8,11
DA:9,11
DA:10,1
DA:11,1
DA:12,1
LF:12
LH:10
BRDA:2,0,0,11
BRDA:3,1,0,0
BRF:2
BRH:1
end_of_record
